<?xml version="1.0" encoding="UTF-8"?>
<testng-results ignored="0" total="2" passed="2" failed="0" skipped="0">
  <reporter-output>
  </reporter-output>
  <suite started-at="2025-09-26T17:33:15 IST" name="Suite" finished-at="2025-09-26T17:33:32 IST" duration-ms="16653">
    <groups>
      <group name="Master">
        <method signature="TC001_AccountRegistrationTest.verify_accRegister()[pri:0, instance:testCases.TC001_AccountRegistrationTest@74e28667]" name="verify_accRegister" class="testCases.TC001_AccountRegistrationTest"/>
        <method signature="TC002_LoginPage.login()[pri:0, instance:testCases.TC002_LoginPage@1ca3b418]" name="login" class="testCases.TC002_LoginPage"/>
      </group> <!-- Master -->
      <group name="Sanity">
        <method signature="TC002_LoginPage.login()[pri:0, instance:testCases.TC002_LoginPage@1ca3b418]" name="login" class="testCases.TC002_LoginPage"/>
      </group> <!-- Sanity -->
      <group name="Regression">
        <method signature="TC001_AccountRegistrationTest.verify_accRegister()[pri:0, instance:testCases.TC001_AccountRegistrationTest@74e28667]" name="verify_accRegister" class="testCases.TC001_AccountRegistrationTest"/>
      </group> <!-- Regression -->
    </groups>
    <test started-at="2025-09-26T17:33:15 IST" name="Test" finished-at="2025-09-26T17:33:32 IST" duration-ms="16653">
      <class name="testCases.TC001_AccountRegistrationTest">
        <test-method is-config="true" signature="setUp(java.lang.String,java.lang.String)[pri:0, instance:testCases.TC001_AccountRegistrationTest@74e28667]" started-at="2025-09-26T17:33:24 IST" name="setUp" finished-at="2025-09-26T17:33:29 IST" duration-ms="5047" status="PASS">
          <params>
            <param index="0">
              <value>
                <![CDATA[windows]]>
              </value>
            </param>
            <param index="1">
              <value>
                <![CDATA[chrome]]>
              </value>
            </param>
          </params>
          <reporter-output>
          </reporter-output>
        </test-method> <!-- setUp -->
        <test-method signature="verify_accRegister()[pri:0, instance:testCases.TC001_AccountRegistrationTest@74e28667]" started-at="2025-09-26T17:33:29 IST" name="verify_accRegister" finished-at="2025-09-26T17:33:31 IST" duration-ms="2121" status="PASS">
          <reporter-output>
          </reporter-output>
        </test-method> <!-- verify_accRegister -->
        <test-method is-config="true" signature="tearDown()[pri:0, instance:testCases.TC001_AccountRegistrationTest@74e28667]" started-at="2025-09-26T17:33:31 IST" name="tearDown" finished-at="2025-09-26T17:33:32 IST" duration-ms="359" status="PASS">
          <reporter-output>
          </reporter-output>
        </test-method> <!-- tearDown -->
      </class> <!-- testCases.TC001_AccountRegistrationTest -->
      <class name="testCases.TC002_LoginPage">
        <test-method is-config="true" signature="setUp(java.lang.String,java.lang.String)[pri:0, instance:testCases.TC002_LoginPage@1ca3b418]" started-at="2025-09-26T17:33:15 IST" name="setUp" finished-at="2025-09-26T17:33:22 IST" duration-ms="7253" status="PASS">
          <params>
            <param index="0">
              <value>
                <![CDATA[windows]]>
              </value>
            </param>
            <param index="1">
              <value>
                <![CDATA[chrome]]>
              </value>
            </param>
          </params>
          <reporter-output>
          </reporter-output>
        </test-method> <!-- setUp -->
        <test-method signature="login()[pri:0, instance:testCases.TC002_LoginPage@1ca3b418]" started-at="2025-09-26T17:33:22 IST" name="login" finished-at="2025-09-26T17:33:24 IST" duration-ms="1423" status="PASS">
          <reporter-output>
          </reporter-output>
        </test-method> <!-- login -->
        <test-method is-config="true" signature="tearDown()[pri:0, instance:testCases.TC002_LoginPage@1ca3b418]" started-at="2025-09-26T17:33:24 IST" name="tearDown" finished-at="2025-09-26T17:33:24 IST" duration-ms="401" status="PASS">
          <reporter-output>
          </reporter-output>
        </test-method> <!-- tearDown -->
      </class> <!-- testCases.TC002_LoginPage -->
    </test> <!-- Test -->
  </suite> <!-- Suite -->
</testng-results>
